[debug] [2024-10-12T11:40:11.797Z] ----------------------------------------------------------------------
[debug] [2024-10-12T11:40:11.800Z] Command:       C:\Program Files\nodejs\node.exe C:\Users\sugit\AppData\Roaming\npm\node_modules\firebase-tools\lib\bin\firebase.js init
[debug] [2024-10-12T11:40:11.800Z] CLI Version:   13.22.0
[debug] [2024-10-12T11:40:11.800Z] Platform:      win32
[debug] [2024-10-12T11:40:11.800Z] Node Version:  v20.18.0
[debug] [2024-10-12T11:40:11.800Z] Time:          Sat Oct 12 2024 20:40:11 GMT+0900 (GMT+09:00)
[debug] [2024-10-12T11:40:11.800Z] ----------------------------------------------------------------------
[debug] 
[debug] [2024-10-12T11:40:11.806Z] > command requires scopes: ["email","openid","https://www.googleapis.com/auth/cloudplatformprojects.readonly","https://www.googleapis.com/auth/firebase","https://www.googleapis.com/auth/cloud-platform"]
[debug] [2024-10-12T11:40:11.806Z] > authorizing via signed-in user (sugitaku222719@gmail.com)
[info] 
     ######## #### ########  ######## ########     ###     ######  ########
     ##        ##  ##     ## ##       ##     ##  ##   ##  ##       ##
     ######    ##  ########  ######   ########  #########  ######  ######
     ##        ##  ##    ##  ##       ##     ## ##     ##       ## ##
     ##       #### ##     ## ######## ########  ##     ##  ######  ########

You're about to initialize a Firebase project in this directory:

  C:\Users\sugit\Fprojects\cardgametest

[info] 
=== Project Setup
[info] 
[info] First, let's associate this project directory with a Firebase project.
[info] You can create multiple project aliases by running firebase use --add, 
[info] but for now we'll just set up a default project.
[info] 
[debug] [2024-10-12T11:40:26.960Z] Checked if tokens are valid: false, expires at: 1728732410642
[debug] [2024-10-12T11:40:26.960Z] Checked if tokens are valid: false, expires at: 1728732410642
[debug] [2024-10-12T11:40:26.961Z] > refreshing access token with scopes: []
[debug] [2024-10-12T11:40:26.962Z] >>> [apiv2][query] POST https://www.googleapis.com/oauth2/v3/token [none]
[debug] [2024-10-12T11:40:26.962Z] >>> [apiv2][body] POST https://www.googleapis.com/oauth2/v3/token [omitted]
[debug] [2024-10-12T11:40:27.139Z] <<< [apiv2][status] POST https://www.googleapis.com/oauth2/v3/token 200
[debug] [2024-10-12T11:40:27.140Z] <<< [apiv2][body] POST https://www.googleapis.com/oauth2/v3/token [omitted]
[debug] [2024-10-12T11:40:27.182Z] >>> [apiv2][query] GET https://firebase.googleapis.com/v1beta1/projects pageSize=100
[debug] [2024-10-12T11:40:27.754Z] <<< [apiv2][status] GET https://firebase.googleapis.com/v1beta1/projects 200
[debug] [2024-10-12T11:40:27.754Z] <<< [apiv2][body] GET https://firebase.googleapis.com/v1beta1/projects [omitted]
